[debug] [2021-04-10T20:38:09.331Z] ----------------------------------------------------------------------
[debug] [2021-04-10T20:38:09.332Z] Command:       C:\Program Files\nodejs\node.exe C:\Users\aznfl\AppData\Roaming\npm\node_modules\firebase-tools\lib\bin\firebase.js serve --only hosting
[debug] [2021-04-10T20:38:09.332Z] CLI Version:   9.9.0
[debug] [2021-04-10T20:38:09.332Z] Platform:      win32
[debug] [2021-04-10T20:38:09.332Z] Node Version:  v14.16.0
[debug] [2021-04-10T20:38:09.333Z] Time:          Sat Apr 10 2021 13:38:09 GMT-0700 (Pacific Daylight Time)
[debug] [2021-04-10T20:38:09.333Z] ----------------------------------------------------------------------
[debug] 
[debug] [2021-04-10T20:38:09.338Z] > command requires scopes: ["email","openid","https://www.googleapis.com/auth/cloudplatformprojects.readonly","https://www.googleapis.com/auth/firebase","https://www.googleapis.com/auth/cloud-platform"]
[debug] [2021-04-10T20:38:09.338Z] > authorizing via signed-in user (cjlim1092@gmail.com)
[debug] [2021-04-10T20:38:09.338Z] [iam] checking project friendlychat-87b67 for permissions ["firebase.projects.get"]
[debug] [2021-04-10T20:38:09.340Z] > refreshing access token with scopes: ["email","https://www.googleapis.com/auth/cloud-platform","https://www.googleapis.com/auth/cloudplatformprojects.readonly","https://www.googleapis.com/auth/firebase","openid"]
[debug] [2021-04-10T20:38:09.340Z] >>> HTTP REQUEST POST https://www.googleapis.com/oauth2/v3/token  
 <request body omitted>
[debug] [2021-04-10T20:38:09.556Z] <<< HTTP RESPONSE 200 {"date":"Sat, 10 Apr 2021 20:38:09 GMT","pragma":"no-cache","expires":"Mon, 01 Jan 1990 00:00:00 GMT","cache-control":"no-cache, no-store, max-age=0, must-revalidate","content-type":"application/json; charset=utf-8","vary":"X-Origin, Referer, Origin,Accept-Encoding","server":"scaffolding on HTTPServer2","x-xss-protection":"0","x-frame-options":"SAMEORIGIN","x-content-type-options":"nosniff","alt-svc":"h3-29=\":443\"; ma=2592000,h3-T051=\":443\"; ma=2592000,h3-Q050=\":443\"; ma=2592000,h3-Q046=\":443\"; ma=2592000,h3-Q043=\":443\"; ma=2592000,quic=\":443\"; ma=2592000; v=\"46,43\"","accept-ranges":"none","transfer-encoding":"chunked"}
[debug] [2021-04-10T20:38:09.567Z] >>> HTTP REQUEST POST https://cloudresourcemanager.googleapis.com/v1/projects/friendlychat-87b67:testIamPermissions  
 {"permissions":["firebase.projects.get"]}
[debug] [2021-04-10T20:38:09.797Z] <<< HTTP RESPONSE 200 {"content-type":"application/json; charset=UTF-8","vary":"X-Origin, Referer, Origin,Accept-Encoding","date":"Sat, 10 Apr 2021 20:38:09 GMT","server":"ESF","cache-control":"private","x-xss-protection":"0","x-frame-options":"SAMEORIGIN","x-content-type-options":"nosniff","server-timing":"gfet4t7; dur=55","alt-svc":"h3-29=\":443\"; ma=2592000,h3-T051=\":443\"; ma=2592000,h3-Q050=\":443\"; ma=2592000,h3-Q046=\":443\"; ma=2592000,h3-Q043=\":443\"; ma=2592000,quic=\":443\"; ma=2592000; v=\"46,43\"","accept-ranges":"none","transfer-encoding":"chunked"}
[debug] [2021-04-10T20:38:09.799Z] > refreshing access token with scopes: []
[debug] [2021-04-10T20:38:09.799Z] >>> HTTP REQUEST POST https://www.googleapis.com/oauth2/v3/token  
 <request body omitted>
[debug] [2021-04-10T20:38:09.987Z] <<< HTTP RESPONSE 200 {"pragma":"no-cache","cache-control":"no-cache, no-store, max-age=0, must-revalidate","expires":"Mon, 01 Jan 1990 00:00:00 GMT","date":"Sat, 10 Apr 2021 20:38:09 GMT","content-type":"application/json; charset=utf-8","vary":"X-Origin, Referer, Origin,Accept-Encoding","server":"scaffolding on HTTPServer2","x-xss-protection":"0","x-frame-options":"SAMEORIGIN","x-content-type-options":"nosniff","alt-svc":"h3-29=\":443\"; ma=2592000,h3-T051=\":443\"; ma=2592000,h3-Q050=\":443\"; ma=2592000,h3-Q046=\":443\"; ma=2592000,h3-Q043=\":443\"; ma=2592000,quic=\":443\"; ma=2592000; v=\"46,43\"","accept-ranges":"none","transfer-encoding":"chunked"}
[debug] [2021-04-10T20:38:09.997Z] >>> [apiv2][query] GET https://firebase.googleapis.com/v1beta1/projects/friendlychat-87b67 [none]
[debug] [2021-04-10T20:38:10.232Z] <<< [apiv2][status] GET https://firebase.googleapis.com/v1beta1/projects/friendlychat-87b67 200
[debug] [2021-04-10T20:38:10.232Z] <<< [apiv2][body] GET https://firebase.googleapis.com/v1beta1/projects/friendlychat-87b67 {"projectId":"friendlychat-87b67","projectNumber":"834113109269","displayName":"FriendlyChat","name":"projects/friendlychat-87b67","resources":{"hostingSite":"friendlychat-87b67","storageBucket":"friendlychat-87b67.appspot.com","locationId":"us-east1"},"state":"ACTIVE"}
[debug] [2021-04-10T20:38:10.233Z] >>> [apiv2][query] GET https://firebase.googleapis.com/v1beta1/projects/friendlychat-87b67/webApps/-/config [none]
[debug] [2021-04-10T20:38:10.670Z] <<< [apiv2][status] GET https://firebase.googleapis.com/v1beta1/projects/friendlychat-87b67/webApps/-/config 200
[debug] [2021-04-10T20:38:10.670Z] <<< [apiv2][body] GET https://firebase.googleapis.com/v1beta1/projects/friendlychat-87b67/webApps/-/config {"projectId":"friendlychat-87b67","appId":"1:834113109269:web:e54994e02ba879dfb3bd1c","storageBucket":"friendlychat-87b67.appspot.com","locationId":"us-east1","apiKey":"AIzaSyB65OeYB8bNdZmkNIDHyd-q_YBdPgjRld4","authDomain":"friendlychat-87b67.firebaseapp.com","messagingSenderId":"834113109269","measurementId":"G-63BJ14XH0S"}
[info] i  hosting: Serving hosting files from: ./public {"metadata":{"emulator":{"name":"hosting"},"message":"Serving hosting files from: \u001b[1m./public\u001b[22m"}}
[info] +  hosting: Local server: http://localhost:5000 {"metadata":{"emulator":{"name":"hosting"},"message":"Local server: \u001b[4m\u001b[1mhttp://localhost:5000\u001b[22m\u001b[24m"}}
[info] i  hosting: 127.0.0.1 - - [10/Apr/2021:20:38:22 +0000] "GET / HTTP/1.1" 200 6590 "-" "Mozilla/5.0 (Windows NT 10.0; Win64; x64) AppleWebKit/537.36 (KHTML, like Gecko) Chrome/89.0.4389.114 Safari/537.36" {"metadata":{"emulator":{"name":"hosting"},"message":"127.0.0.1 - - [10/Apr/2021:20:38:22 +0000] \"GET / HTTP/1.1\" 200 6590 \"-\" \"Mozilla/5.0 (Windows NT 10.0; Win64; x64) AppleWebKit/537.36 (KHTML, like Gecko) Chrome/89.0.4389.114 Safari/537.36\""}}
